 ****
*    
 *** 
    *
**** 



*****
  *
  *
  *
  *



*    *
*    *
*    *
*    *
 *** 



*    *
*    *
*    *
 *  *
   * 



rec function, height = 10, num_spaces = 0, curr_row = 1, num_askterisk = 9


*********
 *******
  *****
   ***
    *
    *
   ***
  *****
 *******
*********
***********
 *********
  *******
   *****
    ***
     *
    ***
   *****
  *******
 *********
***********






*********
 *******
  *****
   ***
    *
    *
   ***
  *****
 *******
*********






***********
 *********
  *******
   *****
    ***
     *
    ***
   *****
  *******
 *********
***********






*






*
*






***
 *
***






Height needs to be a positive number(greater than 0). You entered 0
